
ROM used:   448/8192 (5%)
            448/8192 (5%) including unused fragments

            0.6 Average locations per line
            10.4 Average locations per statement

RAM used:   24/368 (7%) at main() level
            35/368 (10%) worst case

Stack used: 2 worst case (1 in main + 1 for interrupts)
Stack size: 8

Lines Stmts  %   Files
----- ----- ---  -----
   63    43 100  main.c
   10     0   0  main.h
  672     0   0  ..\..\..\..\..\Program Files (x86)\PICC\Devices\16F877A.h
----- -----
  745    43 Total

Page ROM  %  RAM    Vol Diff  Functions:
---- --- --- ---    --- ----  ----------
0     20   4    1             @delay_ms1
0     42   9    1    202  4.4  taGia
0    222  50    5    814  2.9  hienSoTangDan
0     62  14    6             @DIVS1616
0     55  12    0    149  1.8  MAIN
 Inline         0             @cinit1

Program metrics:
    Functions               3
    Statements              43
    Comments                130
    Volume (V)              1446
    Difficulty (D)          9.1
    Effort to implement (E) 13213
    Time to implement (T)   12 minutes
    Est Delivered Bugs (B)  0
    Cyclomatic Complexity   4
    Maintainability (MI)    61

 Segment     Used  Free
-----------  ----  ----
00000-00003     4  0  
00004-0002E    43  0  
0002F-007FF   401  1600  
00800-00FFF     0  2048  
01000-017FF     0  2048  
01800-01FFF     0  2048  



