
ROM used:   411/8192 (5%)
            411/8192 (5%) including unused fragments

            0.6 Average locations per line
            10.5 Average locations per statement

RAM used:   26/368 (7%) at main() level
            35/368 (10%) worst case

Stack used: 2 worst case (1 in main + 1 for interrupts)
Stack size: 8

Lines Stmts  %   Files
----- ----- ---  -----
   59    39 100  main.c
   10     0   0  main.h
  672     0   0  ..\..\..\..\..\Program Files (x86)\PICC\Devices\16F877A.h
----- -----
  741    39 Total

Page ROM  %  RAM    Vol Diff  Functions:
---- --- --- ---    --- ----  ----------
0     20   5    1             @delay_ms1
0    222  54    5    806  2.9  hienSoTangDan
0     37   9    5             @DIV1616
0     54  13    0    119  2.1  MAIN
0     31   8    0    143  3.0  timer0_isr
 Inline         0             @cinit1

Program metrics:
    Functions               3
    Statements              39
    Comments                130
    Volume (V)              1307
    Difficulty (D)          8.2
    Effort to implement (E) 10676
    Time to implement (T)   10 minutes
    Est Delivered Bugs (B)  0
    Cyclomatic Complexity   2
    Maintainability (MI)    63

 Segment     Used  Free
-----------  ----  ----
00000-00003     4  0  
00004-0002E    43  0  
0002F-007FF   364  1637  
00800-00FFF     0  2048  
01000-017FF     0  2048  
01800-01FFF     0  2048  



