
ROM used:   93/8192 (1%)
            93/8192 (1%) including unused fragments

            0.1 Average locations per line
            9.3 Average locations per statement

RAM used:   6/368 (2%) at main() level
            18/368 (5%) worst case

Stack used: 0 worst case (0 in main + 0 for interrupts)
Stack size: 8

Lines Stmts  %   Files
----- ----- ---  -----
   29    10 100  main.c
   10     0   0  main.h
  672     0   0  ..\..\..\..\..\Program Files (x86)\PICC\Devices\16F877A.h
----- -----
  711    10 Total

Page ROM  %  RAM    Vol Diff  Functions:
---- --- --- ---    --- ----  ----------
0     22  24    1             @delay_ms1
0     67  72    1    367  4.8  main
 Inline         0             @cinit1

Program metrics:
    Functions               1
    Statements              10
    Comments                133
    Volume (V)              371
    Difficulty (D)          4.6
    Effort to implement (E) 1692
    Time to implement (T)   2 minutes
    Est Delivered Bugs (B)  0
    Cyclomatic Complexity   1
    Maintainability (MI)    61

 Segment     Used  Free
-----------  ----  ----
00000-00003     4  0  
00004-007FF    89  1955  
00800-00FFF     0  2048  
01000-017FF     0  2048  
01800-01FFF     0  2048  



