
ROM used:   126/8192 (2%)
            126/8192 (2%) including unused fragments

            0.2 Average locations per line
            10.5 Average locations per statement

RAM used:   6/368 (2%) at main() level
            13/368 (4%) worst case

Stack used: 1 worst case (1 in main + 0 for interrupts)
Stack size: 8

Lines Stmts  %   Files
----- ----- ---  -----
   32    12 100  main.c
   10     0   0  main.h
  672     0   0  ..\..\..\..\..\Program Files (x86)\PICC\Devices\16F877A.h
----- -----
  714    12 Total

Page ROM  %  RAM    Vol Diff  Functions:
---- --- --- ---    --- ----  ----------
0     22  17    1             @delay_ms1
0     68  54    1    338  5.0  main
0     32  25    6             @WRITEBITA
 Inline         0             @cinit1

Program metrics:
    Functions               1
    Statements              12
    Comments                132
    Volume (V)              345
    Difficulty (D)          4.5
    Effort to implement (E) 1564
    Time to implement (T)   1 minutes
    Est Delivered Bugs (B)  0
    Cyclomatic Complexity   2
    Maintainability (MI)    57

 Segment     Used  Free
-----------  ----  ----
00000-00003     4  0  
00004-007FF   122  1922  
00800-00FFF     0  2048  
01000-017FF     0  2048  
01800-01FFF     0  2048  



