
ROM used:   161/8192 (2%)
            161/8192 (2%) including unused fragments

            0.2 Average locations per line
            5.4 Average locations per statement

RAM used:   5/368 (1%) at main() level
            16/368 (4%) worst case

Stack used: 1 worst case (1 in main + 0 for interrupts)
Stack size: 8

Lines Stmts  %   Files
----- ----- ---  -----
   39    30 100  main.c
   10     0   0  main.h
  672     0   0  ..\..\..\..\..\Program Files (x86)\PICC\Devices\16F877A.h
----- -----
  721    30 Total

Page ROM  %  RAM    Vol Diff  Functions:
---- --- --- ---    --- ----  ----------
0     20  12    1             @delay_ms1
0    137  85    0    938  3.4  main
 Inline         0             @cinit1

Program metrics:
    Functions               1
    Statements              30
    Comments                120
    Volume (V)              944
    Difficulty (D)          3.3
    Effort to implement (E) 3128
    Time to implement (T)   3 minutes
    Est Delivered Bugs (B)  0
    Cyclomatic Complexity   1
    Maintainability (MI)    32

 Segment     Used  Free
-----------  ----  ----
00000-00003     4  0  
00004-007FF   157  1887  
00800-00FFF     0  2048  
01000-017FF     0  2048  
01800-01FFF     0  2048  



