
ROM used:   321/8192 (4%)
            321/8192 (4%) including unused fragments

            0.4 Average locations per line
            7.3 Average locations per statement

RAM used:   28/368 (8%) at main() level
            31/368 (8%) worst case

Stack used: 2 worst case (0 in main + 2 for interrupts)
Stack size: 8

Lines Stmts  %   Files
----- ----- ---  -----
  228    44 100  main.c
   10     0   0  main.h
  672     0   0  ..\..\..\..\..\Program Files (x86)\PICC\Devices\16F877A.h
----- -----
  910    44 Total

Page ROM  %  RAM    Vol Diff  Functions:
---- --- --- ---    --- ----  ----------
0    143  45    1    587  5.7  demdung
0     21   7    3             @DIV88
0     68  21    0    245  2.3  MAIN
0     33  10    0    207  3.1  chuyenled
 Inline         0             @cinit1

Program metrics:
    Functions               3
    Statements              44
    Comments                565
    Volume (V)              1332
    Difficulty (D)          10.9
    Effort to implement (E) 14568
    Time to implement (T)   13 minutes
    Est Delivered Bugs (B)  0
    Cyclomatic Complexity   7
    Maintainability (MI)    129

 Segment     Used  Free
-----------  ----  ----
00000-00003     4  0  
00004-00037    52  0  
00038-007FF   265  1727  
00800-00FFF     0  2048  
01000-017FF     0  2048  
01800-01FFF     0  2048  



