
ROM used:   106/8192 (1%)
            106/8192 (1%) including unused fragments

            0.1 Average locations per line
            8.2 Average locations per statement

RAM used:   14/368 (4%) at main() level
            14/368 (4%) worst case

Stack used: 1 worst case (0 in main + 1 for interrupts)
Stack size: 8

Lines Stmts  %   Files
----- ----- ---  -----
   28    13 100  main.c
   10     0   0  main.h
  672     0   0  ..\..\..\..\..\Program Files (x86)\PICC\Devices\16F877A.h
----- -----
  710    13 Total

Page ROM  %  RAM    Vol Diff  Functions:
---- --- --- ---    --- ----  ----------
0     30  28    0    119  2.1  main
0     27  25    0     96  2.9  chuyenled
 Inline         0             @cinit1

Program metrics:
    Functions               2
    Statements              13
    Comments                125
    Volume (V)              268
    Difficulty (D)          4.8
    Effort to implement (E) 1297
    Time to implement (T)   1 minutes
    Est Delivered Bugs (B)  0
    Cyclomatic Complexity   1
    Maintainability (MI)    99

 Segment     Used  Free
-----------  ----  ----
00000-00003     4  0  
00004-00030    45  0  
00031-007FF    57  1942  
00800-00FFF     0  2048  
01000-017FF     0  2048  
01800-01FFF     0  2048  



