
ROM used:   399/8192 (5%)
            399/8192 (5%) including unused fragments

            0.5 Average locations per line
            11.1 Average locations per statement

RAM used:   24/368 (7%) at main() level
            33/368 (9%) worst case

Stack used: 2 worst case (1 in main + 1 for interrupts)
Stack size: 8

Lines Stmts  %   Files
----- ----- ---  -----
   54    36 100  main.c
   10     0   0  main.h
  672     0   0  ..\..\..\..\..\Program Files (x86)\PICC\Devices\16F877A.h
----- -----
  736    36 Total

Page ROM  %  RAM    Vol Diff  Functions:
---- --- --- ---    --- ----  ----------
0     20   5    1             @delay_ms1
0     18   5    0     53  2.5  tang
0    222  56    5    806  2.9  hienSoTangDan
0     37   9    5             @DIV1616
0     55  14    0    149  1.8  MAIN
 Inline         0             @cinit1

Program metrics:
    Functions               3
    Statements              36
    Comments                128
    Volume (V)              1212
    Difficulty (D)          7.7
    Effort to implement (E) 9290
    Time to implement (T)   9 minutes
    Est Delivered Bugs (B)  0
    Cyclomatic Complexity   1
    Maintainability (MI)    67

 Segment     Used  Free
-----------  ----  ----
00000-00003     4  0  
00004-0002E    43  0  
0002F-007FF   352  1649  
00800-00FFF     0  2048  
01000-017FF     0  2048  
01800-01FFF     0  2048  



